
> functions@1.0.0 lint
> eslint --ext .js,.ts .


C:\Users\anton\OneDrive\Documents\Developpement\Web\messaging-backend\functions\.eslintrc.js
  0:0  error  Parsing error: error TS5012: Cannot read file 'C:\Users\anton\OneDrive\Documents\Developpement\Web\messaging-backend\functions\tsconfig.dev.json': ENOENT: no such file or directory, open 'C:\Users\anton\OneDrive\Documents\Developpement\Web\messaging-backend\functions\tsconfig.dev.json'

C:\Users\anton\OneDrive\Documents\Developpement\Web\messaging-backend\functions\jest.config.js
  0:0  error  Parsing error: error TS5012: Cannot read file 'C:\Users\anton\OneDrive\Documents\Developpement\Web\messaging-backend\functions\tsconfig.dev.json': ENOENT: no such file or directory, open 'C:\Users\anton\OneDrive\Documents\Developpement\Web\messaging-backend\functions\tsconfig.dev.json'

C:\Users\anton\OneDrive\Documents\Developpement\Web\messaging-backend\functions\src\app.ts
  12:8  error  Missing JSDoc comment                          require-jsdoc
  13:1  error  Expected indentation of 2 spaces but found 4   indent
  15:1  error  Expected indentation of 2 spaces but found 4   indent
  16:1  error  Expected indentation of 2 spaces but found 4   indent
  17:1  error  Expected indentation of 2 spaces but found 4   indent
  18:1  error  Expected indentation of 2 spaces but found 4   indent
  19:1  error  Expected indentation of 2 spaces but found 4   indent
  21:1  error  Expected indentation of 2 spaces but found 4   indent
  22:1  error  Expected indentation of 2 spaces but found 4   indent
  24:1  error  Expected indentation of 2 spaces but found 4   indent
  25:1  error  Expected indentation of 2 spaces but found 4   indent
  26:1  error  Expected indentation of 4 spaces but found 8   indent
  27:1  error  Expected indentation of 4 spaces but found 8   indent
  29:1  error  Expected indentation of 4 spaces but found 8   indent
  30:1  error  Expected indentation of 6 spaces but found 12  indent
  31:1  error  Expected indentation of 6 spaces but found 12  indent
  32:1  error  Expected indentation of 4 spaces but found 8   indent
  33:1  error  Expected indentation of 6 spaces but found 12  indent
  34:1  error  Expected indentation of 6 spaces but found 12  indent
  35:1  error  Expected indentation of 4 spaces but found 8   indent
  37:1  error  Expected indentation of 4 spaces but found 8   indent
  40:1  error  Expected indentation of 4 spaces but found 8   indent
  41:1  error  Expected indentation of 6 spaces but found 12  indent
  42:1  error  Expected indentation of 6 spaces but found 12  indent
  43:1  error  Expected indentation of 6 spaces but found 12  indent
  44:1  error  Expected indentation of 6 spaces but found 12  indent
  45:1  error  Expected indentation of 4 spaces but found 8   indent
  46:1  error  Expected indentation of 2 spaces but found 4   indent
  48:1  error  Expected indentation of 2 spaces but found 4   indent
  49:1  error  Expected indentation of 2 spaces but found 4   indent
  51:1  error  Expected indentation of 2 spaces but found 4   indent
  52:1  error  Expected indentation of 2 spaces but found 4   indent
  54:1  error  Expected indentation of 2 spaces but found 4   indent

C:\Users\anton\OneDrive\Documents\Developpement\Web\messaging-backend\functions\src\config\env.ts
  3:8  error  Missing JSDoc comment                         require-jsdoc
  4:1  error  Expected indentation of 2 spaces but found 4  indent

C:\Users\anton\OneDrive\Documents\Developpement\Web\messaging-backend\functions\src\config\swagger.ts
   4:1  error  Expected indentation of 2 spaces but found 4         indent
   5:1  error  Expected indentation of 4 spaces but found 8         indent
   6:1  error  Expected indentation of 4 spaces but found 8         indent
   7:1  error  Expected indentation of 6 spaces but found 12        indent
   8:1  error  Expected indentation of 6 spaces but found 12        indent
   9:1  error  This line has a length of 85. Maximum allowed is 80  max-len
   9:1  error  Expected indentation of 6 spaces but found 12        indent
  10:1  error  Expected indentation of 4 spaces but found 8         indent
  11:1  error  Expected indentation of 2 spaces but found 4         indent
  12:1  error  Expected indentation of 2 spaces but found 4         indent

C:\Users\anton\OneDrive\Documents\Developpement\Web\messaging-backend\functions\src\firebase\firebase.ts
   9:1   error  Expected indentation of 2 spaces but found 4   indent
  10:1   error  Expected indentation of 4 spaces but found 8   indent
  12:1   error  Expected indentation of 4 spaces but found 8   indent
  13:1   error  Expected indentation of 6 spaces but found 12  indent
  14:1   error  Expected indentation of 6 spaces but found 12  indent
  14:43  error  Unexpected any. Specify a different type       @typescript-eslint/no-explicit-any
  15:1   error  Expected indentation of 4 spaces but found 8   indent
  16:1   error  Expected indentation of 2 spaces but found 4   indent
  17:1   error  Expected indentation of 4 spaces but found 8   indent
  18:1   error  Expected indentation of 2 spaces but found 4   indent

C:\Users\anton\OneDrive\Documents\Developpement\Web\messaging-backend\functions\src\firebase\server-utils.ts
   23:1  error  Missing JSDoc @return for function                   valid-jsdoc
   23:1  error  Missing JSDoc for parameter 'doc'                    valid-jsdoc
   26:1  error  This line has a length of 86. Maximum allowed is 80  max-len
   27:1  error  Expected indentation of 2 spaces but found 4         indent
   28:1  error  Expected indentation of 2 spaces but found 4         indent
   29:1  error  Expected indentation of 4 spaces but found 8         indent
   30:1  error  Expected indentation of 4 spaces but found 8         indent
   31:1  error  Expected indentation of 4 spaces but found 8         indent
   32:1  error  Expected indentation of 4 spaces but found 8         indent
   33:1  error  Expected indentation of 2 spaces but found 4         indent
   36:1  error  Missing JSDoc return type                            valid-jsdoc
   38:1  error  This line has a length of 83. Maximum allowed is 80  max-len
   39:4  error  Missing JSDoc parameter type for 'userId'            valid-jsdoc
   40:4  error  Use @return instead                                  valid-jsdoc
   43:1  error  Expected indentation of 2 spaces but found 4         indent
   44:1  error  Expected indentation of 4 spaces but found 8         indent
   45:1  error  Expected indentation of 4 spaces but found 8         indent
   46:1  error  Expected indentation of 4 spaces but found 8         indent
   48:1  error  Expected indentation of 2 spaces but found 4         indent
   51:1  error  Missing JSDoc return type                            valid-jsdoc
   52:1  error  This line has a length of 88. Maximum allowed is 80  max-len
   53:1  error  This line has a length of 83. Maximum allowed is 80  max-len
   54:4  error  Missing JSDoc parameter type for 'userId'            valid-jsdoc
   55:4  error  Missing JSDoc parameter type for 'orderBy'           valid-jsdoc
   56:1  error  This line has a length of 94. Maximum allowed is 80  max-len
   56:4  error  Missing JSDoc parameter type for 'descending'        valid-jsdoc
   57:4  error  Use @return instead                                  valid-jsdoc
   60:1  error  Expected indentation of 2 spaces but found 4         indent
   61:1  error  Expected indentation of 2 spaces but found 4         indent
   62:1  error  Expected indentation of 2 spaces but found 4         indent
   64:1  error  Expected indentation of 2 spaces but found 4         indent
   65:1  error  Expected indentation of 4 spaces but found 8         indent
   66:1  error  Expected indentation of 4 spaces but found 8         indent
   67:1  error  Expected indentation of 4 spaces but found 8         indent
   68:1  error  Expected indentation of 4 spaces but found 8         indent
   70:1  error  Expected indentation of 2 spaces but found 4         indent
   75:4  error  Missing JSDoc parameter type for 'params'            valid-jsdoc
   83:1  error  Expected indentation of 2 spaces but found 4         indent
   85:1  error  Expected indentation of 2 spaces but found 4         indent
   86:1  error  Expected indentation of 2 spaces but found 4         indent
   88:1  error  Expected indentation of 2 spaces but found 4         indent
   89:1  error  Expected indentation of 4 spaces but found 8         indent
   90:1  error  Expected indentation of 4 spaces but found 8         indent
   91:1  error  Expected indentation of 4 spaces but found 8         indent
   92:1  error  Expected indentation of 4 spaces but found 8         indent
   93:1  error  Expected indentation of 4 spaces but found 8         indent
   94:1  error  Expected indentation of 4 spaces but found 8         indent
   95:1  error  Expected indentation of 2 spaces but found 4         indent
   97:1  error  Expected indentation of 2 spaces but found 4         indent
   98:1  error  Expected indentation of 4 spaces but found 8         indent
   99:1  error  Expected indentation of 4 spaces but found 8         indent
  100:1  error  Expected indentation of 2 spaces but found 4         indent
  102:1  error  Expected indentation of 2 spaces but found 4         indent
  103:1  error  Expected indentation of 2 spaces but found 4         indent
  105:1  error  Expected indentation of 2 spaces but found 4         indent
  106:1  error  Expected indentation of 4 spaces but found 8         indent
  107:1  error  Expected indentation of 4 spaces but found 8         indent
  108:1  error  Expected indentation of 2 spaces but found 4         indent

C:\Users\anton\OneDrive\Documents\Developpement\Web\messaging-backend\functions\src\middlewares\errorHandler.ts
   3:8   error  Missing JSDoc comment                         require-jsdoc
   4:1   error  Expected indentation of 2 spaces but found 4  indent
   4:10  error  Unexpected any. Specify a different type      @typescript-eslint/no-explicit-any
   5:1   error  Expected indentation of 2 spaces but found 4  indent
   6:1   error  Expected indentation of 2 spaces but found 4  indent
   7:1   error  Expected indentation of 2 spaces but found 4  indent
   7:5   error  '_next' is defined but never used             @typescript-eslint/no-unused-vars
   9:1   error  Expected indentation of 2 spaces but found 4  indent
  10:1   error  Expected indentation of 2 spaces but found 4  indent
  11:1   error  Expected indentation of 4 spaces but found 8  indent
  12:1   error  Expected indentation of 4 spaces but found 8  indent
  13:1   error  Expected indentation of 2 spaces but found 4  indent

C:\Users\anton\OneDrive\Documents\Developpement\Web\messaging-backend\functions\src\routes\index.ts
  1:9   error  There should be no space after '{'                                                             object-curly-spacing
  1:16  error  There should be no space before '}'                                                            object-curly-spacing
  2:9   error  There should be no space after '{'                                                             object-curly-spacing
  2:23  error  There should be no space before '}'                                                            object-curly-spacing
  4:23  error  A function with a name starting with an uppercase letter should only be used as a constructor  new-cap

C:\Users\anton\OneDrive\Documents\Developpement\Web\messaging-backend\functions\src\routes\serversRouter.ts
    3:1   error  Expected indentation of 2 spaces but found 4                                                   indent
    4:1   error  Expected indentation of 2 spaces but found 4                                                   indent
    5:1   error  Expected indentation of 2 spaces but found 4                                                   indent
    8:38  error  A function with a name starting with an uppercase letter should only be used as a constructor  new-cap
   15:1   error  Expected indentation of 2 spaces but found 4                                                   indent
   16:1   error  Expected indentation of 4 spaces but found 8                                                   indent
   17:1   error  Expected indentation of 4 spaces but found 8                                                   indent
   19:1   error  Expected indentation of 4 spaces but found 8                                                   indent
   20:1   error  Expected indentation of 6 spaces but found 12                                                  indent
   21:1   error  Expected indentation of 8 spaces but found 16                                                  indent
   22:1   error  Expected indentation of 6 spaces but found 12                                                  indent
   23:1   error  Expected indentation of 6 spaces but found 12                                                  indent
   24:1   error  Expected indentation of 4 spaces but found 8                                                   indent
   26:1   error  Expected indentation of 4 spaces but found 8                                                   indent
   27:1   error  Expected indentation of 4 spaces but found 8                                                   indent
   29:1   error  Expected indentation of 4 spaces but found 8                                                   indent
   30:1   error  Expected indentation of 6 spaces but found 12                                                  indent
   32:1   error  Expected indentation of 4 spaces but found 8                                                   indent
   33:1   error  Expected indentation of 6 spaces but found 12                                                  indent
   34:1   error  Expected indentation of 6 spaces but found 12                                                  indent
   36:1   error  Expected indentation of 18 spaces but found 20                                                 indent
   36:21  error  '?' should be placed at the end of the line                                                    operator-linebreak
   37:1   error  Expected indentation of 18 spaces but found 20                                                 indent
   37:21  error  ':' should be placed at the end of the line                                                    operator-linebreak
   39:1   error  Expected indentation of 6 spaces but found 12                                                  indent
   40:1   error  Expected indentation of 8 spaces but found 16                                                  indent
   41:1   error  This line has a length of 88. Maximum allowed is 80                                            max-len
   41:1   error  Expected indentation of 8 spaces but found 16                                                  indent
   42:1   error  Expected indentation of 8 spaces but found 16                                                  indent
   43:1   error  Expected indentation of 6 spaces but found 12                                                  indent
   44:1   error  Expected indentation of 4 spaces but found 8                                                   indent
   45:1   error  Expected indentation of 6 spaces but found 12                                                  indent
   46:1   error  Expected indentation of 4 spaces but found 8                                                   indent
   48:1   error  Expected indentation of 4 spaces but found 8                                                   indent
   49:1   error  Expected indentation of 6 spaces but found 12                                                  indent
   50:1   error  Expected indentation of 6 spaces but found 12                                                  indent
   51:1   error  Expected indentation of 6 spaces but found 12                                                  indent
   52:1   error  Expected indentation of 6 spaces but found 12                                                  indent
   53:1   error  Expected indentation of 4 spaces but found 8                                                   indent
   54:1   error  Expected indentation of 2 spaces but found 4                                                   indent
   55:1   error  Expected indentation of 4 spaces but found 8                                                   indent
   56:1   error  Expected indentation of 4 spaces but found 8                                                   indent
   57:1   error  Expected indentation of 6 spaces but found 12                                                  indent
   58:1   error  Expected indentation of 6 spaces but found 12                                                  indent
   59:1   error  Expected indentation of 4 spaces but found 8                                                   indent
   60:1   error  Expected indentation of 2 spaces but found 4                                                   indent
   74:1   error  Expected indentation of 2 spaces but found 4                                                   indent
   75:1   error  Expected indentation of 4 spaces but found 8                                                   indent
   77:1   error  Expected indentation of 4 spaces but found 8                                                   indent
   78:1   error  Expected indentation of 6 spaces but found 12                                                  indent
   79:1   error  Expected indentation of 8 spaces but found 16                                                  indent
   80:1   error  Expected indentation of 8 spaces but found 16                                                  indent
   81:1   error  Expected indentation of 6 spaces but found 12                                                  indent
   82:1   error  Expected indentation of 4 spaces but found 8                                                   indent
   84:1   error  Expected indentation of 4 spaces but found 8                                                   indent
   85:1   error  Expected indentation of 6 spaces but found 12                                                  indent
   86:1   error  Expected indentation of 8 spaces but found 16                                                  indent
   87:1   error  Expected indentation of 8 spaces but found 16                                                  indent
   88:1   error  Expected indentation of 6 spaces but found 12                                                  indent
   89:1   error  Expected indentation of 4 spaces but found 8                                                   indent
   91:1   error  Expected indentation of 4 spaces but found 8                                                   indent
   92:1   error  Expected indentation of 6 spaces but found 12                                                  indent
   93:1   error  Expected indentation of 6 spaces but found 12                                                  indent
   94:1   error  Expected indentation of 6 spaces but found 12                                                  indent
   95:1   error  Expected indentation of 6 spaces but found 12                                                  indent
   96:1   error  Expected indentation of 8 spaces but found 16                                                  indent
   96:17  error  '?' should be placed at the end of the line                                                    operator-linebreak
   97:1   error  Expected indentation of 8 spaces but found 16                                                  indent
   97:17  error  ':' should be placed at the end of the line                                                    operator-linebreak
   98:1   error  Expected indentation of 4 spaces but found 8                                                   indent
  100:1   error  Expected indentation of 4 spaces but found 8                                                   indent
  101:1   error  Expected indentation of 2 spaces but found 4                                                   indent
  102:1   error  Expected indentation of 4 spaces but found 8                                                   indent
  103:1   error  Expected indentation of 4 spaces but found 8                                                   indent
  104:1   error  Expected indentation of 6 spaces but found 12                                                  indent
  105:1   error  Expected indentation of 6 spaces but found 12                                                  indent
  106:1   error  Expected indentation of 4 spaces but found 8                                                   indent
  107:1   error  Expected indentation of 2 spaces but found 4                                                   indent

C:\Users\anton\OneDrive\Documents\Developpement\Web\messaging-backend\functions\src\tests\servers.test.ts
    2:9   error  There should be no space after '{'                   object-curly-spacing
    2:19  error  There should be no space before '}'                  object-curly-spacing
   11:1   error  Expected indentation of 2 spaces but found 4         indent
   12:1   error  Expected indentation of 4 spaces but found 8         indent
   13:1   error  Expected indentation of 2 spaces but found 4         indent
   15:1   error  Expected indentation of 2 spaces but found 4         indent
   16:1   error  Expected indentation of 4 spaces but found 8         indent
   17:1   error  Expected indentation of 6 spaces but found 12        indent
   18:1   error  Expected indentation of 6 spaces but found 12        indent
   19:1   error  Expected indentation of 6 spaces but found 12        indent
   19:39  error  There should be no space after '{'                   object-curly-spacing
   19:67  error  There should be no space before '}'                  object-curly-spacing
   20:1   error  Expected indentation of 4 spaces but found 8         indent
   22:1   error  Expected indentation of 4 spaces but found 8         indent
   23:1   error  Expected indentation of 6 spaces but found 12        indent
   23:35  error  There should be no space after '{'                   object-curly-spacing
   23:62  error  There should be no space before '}'                  object-curly-spacing
   24:1   error  This line has a length of 81. Maximum allowed is 80  max-len
   24:1   error  Expected indentation of 6 spaces but found 12        indent
   26:1   error  Expected indentation of 6 spaces but found 12        indent
   28:1   error  Expected indentation of 6 spaces but found 12        indent
   29:1   error  Expected indentation of 6 spaces but found 12        indent
   30:1   error  Expected indentation of 6 spaces but found 12        indent
   31:1   error  Expected indentation of 6 spaces but found 12        indent
   32:1   error  Expected indentation of 4 spaces but found 8         indent
   34:1   error  This line has a length of 85. Maximum allowed is 80  max-len
   34:1   error  Expected indentation of 4 spaces but found 8         indent
   35:1   error  Expected indentation of 6 spaces but found 12        indent
   35:35  error  There should be no space after '{'                   object-curly-spacing
   35:62  error  There should be no space before '}'                  object-curly-spacing
   36:1   error  This line has a length of 88. Maximum allowed is 80  max-len
   36:1   error  Expected indentation of 6 spaces but found 12        indent
   38:1   error  Expected indentation of 6 spaces but found 12        indent
   39:1   error  Expected indentation of 8 spaces but found 16        indent
   40:1   error  Expected indentation of 6 spaces but found 12        indent
   42:1   error  Expected indentation of 6 spaces but found 12        indent
   43:1   error  Expected indentation of 6 spaces but found 12        indent
   44:1   error  Expected indentation of 6 spaces but found 12        indent
   45:1   error  Expected indentation of 8 spaces but found 16        indent
   46:1   error  Expected indentation of 8 spaces but found 16        indent
   47:1   error  Expected indentation of 8 spaces but found 16        indent
   48:1   error  Expected indentation of 6 spaces but found 12        indent
   49:1   error  Expected indentation of 4 spaces but found 8         indent
   51:1   error  Expected indentation of 4 spaces but found 8         indent
   52:1   error  This line has a length of 91. Maximum allowed is 80  max-len
   52:1   error  Expected indentation of 6 spaces but found 12        indent
   54:1   error  Expected indentation of 6 spaces but found 12        indent
   56:1   error  Expected indentation of 6 spaces but found 12        indent
   57:1   error  Expected indentation of 6 spaces but found 12        indent
   58:1   error  Expected indentation of 8 spaces but found 16        indent
   59:1   error  Expected indentation of 8 spaces but found 16        indent
   60:1   error  Expected indentation of 6 spaces but found 12        indent
   61:1   error  Expected indentation of 4 spaces but found 8         indent
   62:1   error  Expected indentation of 2 spaces but found 4         indent
   64:1   error  Expected indentation of 2 spaces but found 4         indent
   65:1   error  Expected indentation of 4 spaces but found 8         indent
   66:1   error  This line has a length of 89. Maximum allowed is 80  max-len
   66:1   error  Expected indentation of 6 spaces but found 12        indent
   66:67  error  There should be no space after '{'                   object-curly-spacing
   66:86  error  There should be no space before '}'                  object-curly-spacing
   67:1   error  Expected indentation of 6 spaces but found 12        indent
   68:1   error  Expected indentation of 6 spaces but found 12        indent
   69:1   error  Expected indentation of 4 spaces but found 8         indent
   71:1   error  Expected indentation of 4 spaces but found 8         indent
   72:1   error  This line has a length of 88. Maximum allowed is 80  max-len
   72:1   error  Expected indentation of 6 spaces but found 12        indent
   72:67  error  There should be no space after '{'                   object-curly-spacing
   72:85  error  There should be no space before '}'                  object-curly-spacing
   73:1   error  Expected indentation of 6 spaces but found 12        indent
   74:1   error  Expected indentation of 6 spaces but found 12        indent
   75:1   error  Expected indentation of 4 spaces but found 8         indent
   77:1   error  This line has a length of 81. Maximum allowed is 80  max-len
   77:1   error  Expected indentation of 4 spaces but found 8         indent
   78:1   error  Expected indentation of 6 spaces but found 12        indent
   79:1   error  Expected indentation of 8 spaces but found 16        indent
   80:1   error  Expected indentation of 8 spaces but found 16        indent
   81:1   error  Expected indentation of 8 spaces but found 16        indent
   82:1   error  Expected indentation of 8 spaces but found 16        indent
   83:1   error  Expected indentation of 6 spaces but found 12        indent
   84:1   error  Expected indentation of 6 spaces but found 12        indent
   84:36  error  There should be no space after '{'                   object-curly-spacing
   84:66  error  There should be no space before '}'                  object-curly-spacing
   85:1   error  This line has a length of 85. Maximum allowed is 80  max-len
   85:1   error  Expected indentation of 6 spaces but found 12        indent
   87:1   error  Expected indentation of 6 spaces but found 12        indent
   89:1   error  Expected indentation of 6 spaces but found 12        indent
   90:1   error  Expected indentation of 6 spaces but found 12        indent
   91:1   error  Expected indentation of 6 spaces but found 12        indent
   92:1   error  Expected indentation of 8 spaces but found 16        indent
   93:1   error  Expected indentation of 8 spaces but found 16        indent
   94:1   error  Expected indentation of 8 spaces but found 16        indent
   95:1   error  This line has a length of 83. Maximum allowed is 80  max-len
   95:1   error  Expected indentation of 8 spaces but found 16        indent
   96:1   error  Expected indentation of 6 spaces but found 12        indent
   97:1   error  Expected indentation of 4 spaces but found 8         indent
   99:1   error  Expected indentation of 4 spaces but found 8         indent
  100:1   error  This line has a length of 93. Maximum allowed is 80  max-len
  100:1   error  Expected indentation of 6 spaces but found 12        indent
  102:1   error  Expected indentation of 6 spaces but found 12        indent
  103:1   error  Expected indentation of 8 spaces but found 16        indent
  104:1   error  Expected indentation of 8 spaces but found 16        indent
  104:24  error  There should be no space after '{'                   object-curly-spacing
  104:62  error  There should be no space before '}'                  object-curly-spacing
  106:1   error  Expected indentation of 6 spaces but found 12        indent
  107:1   error  Expected indentation of 6 spaces but found 12        indent
  108:1   error  Expected indentation of 8 spaces but found 16        indent
  109:1   error  Expected indentation of 8 spaces but found 16        indent
  110:1   error  Expected indentation of 6 spaces but found 12        indent
  111:1   error  Expected indentation of 4 spaces but found 8         indent
  112:1   error  Expected indentation of 2 spaces but found 4         indent

Ô£û 320 problems (320 errors, 0 warnings)
  284 errors and 0 warnings potentially fixable with the `--fix` option.

